Enter Client id: Enter Upload Socket: Enter Download Socket: Getting Resp from server 
File Name: in.txt Chunk size: 20
Received CHUNK# 2 100 Bytes
Received CHUNK# 5 100 Bytes
Received CHUNK# 8 100 Bytes
Received CHUNK# 11 100 Bytes
Received CHUNK# 14 100 Bytes
Received CHUNK# 17 100 Bytes
DThread created
[DOWNLOADER] waiting for uploader to join
Uploader Thread created
[UPLOADER]: Waiting to connect to Client
[UPLOADER]: Client Connected: 13
[UPLOADER]: Client requested CID: 0NOT PRESENT YET 
[UPLOADER]: Client requested CID: 2TRANSFERED 
[UPLOADER]: Client requested CID: 3NOT PRESENT YET 
[UPLOADER]: Client requested CID: 5TRANSFERED 
[UPLOADER]: Client requested CID: 6NOT PRESENT YET 
[UPLOADER]: Client requested CID: 8TRANSFERED 
[UPLOADER]: Client requested CID: 9NOT PRESENT YET 
[UPLOADER]: Client requested CID: 11TRANSFERED 
[UPLOADER]: Client requested CID: 12NOT PRESENT YET 
[UPLOADER]: Client requested CID: 14TRANSFERED 
[UPLOADER]: Client requested CID: 15NOT PRESENT YET 
[UPLOADER]: Client requested CID: 17TRANSFERED 
[UPLOADER]: Client requested CID: 18NOT PRESENT YET 
[UPLOADER]: Client requested CID: 0NOT PRESENT YET 
[UPLOADER]: Client requested CID: 3NOT PRESENT YET 
[UPLOADER]: Client requested CID: 6NOT PRESENT YET 
[UPLOADER]: Client requested CID: 9NOT PRESENT YET 
[UPLOADER]: Client requested CID: 12NOT PRESENT YET 
[UPLOADER]: Client requested CID: 15NOT PRESENT YET 
[UPLOADER]: Client requested CID: 18NOT PRESENT YET 
[UPLOADER]: Client requested CID: 0NOT PRESENT YET 
[UPLOADER]: Client requested CID: 3NOT PRESENT YET 
[UPLOADER]: Client requested CID: 6NOT PRESENT YET 
[UPLOADER]: Client requested CID: 9NOT PRESENT YET 
[UPLOADER]: Client requested CID: 12NOT PRESENT YET 
[DOWNLOADER]: Connected to SERVER
[UPLOADER]: Client requested CID: 15NOT PRESENT YET 
[UPLOADER]: Client requested CID: 18NOT PRESENT YET 
[UPLOADER]: Client requested CID: 0TRANSFERED 
[UPLOADER]: Client requested CID: 3TRANSFERED 
[UPLOADER]: Client requested CID: 6NOT PRESENT YET 
[UPLOADER]: Client requested CID: 9NOT PRESENT YET 
[UPLOADER]: Client requested CID: 12NOT PRESENT YET 
[UPLOADER]: Client requested CID: 15NOT PRESENT YET 
[UPLOADER]: Client requested CID: 18NOT PRESENT YET 
[UPLOADER]: Client requested CID: 6TRANSFERED 
[UPLOADER]: Client requested CID: 9TRANSFERED 
[UPLOADER]: Client requested CID: 12TRANSFERED 
[UPLOADER]: Client requested CID: 15TRANSFERED 
[UPLOADER]: Client requested CID: 18[DOWNLOADER]: DONE with DOWNLOADING
TRANSFERED 
Sending Done 
